[Wed May 20 15:10:50 2015] install: adjustbox
[Wed May 20 15:11:03 2015] install: asymptote.win32
[Wed May 20 15:11:04 2015] install: asymptote
[Wed May 20 15:11:06 2015] install: avantgar
[Wed May 20 15:11:06 2015] install: babel-french
[Wed May 20 15:11:06 2015] install: cancel
[Wed May 20 15:11:06 2015] install: collectbox
[Wed May 20 15:11:10 2015] install: ec
[Wed May 20 15:11:10 2015] install: enumitem
[Wed May 20 15:11:10 2015] install: latexmk.win32
[Wed May 20 15:11:11 2015] install: latexmk
[Wed May 20 15:12:16 2015] install: lm
[Wed May 20 15:12:17 2015] install: marvosym
[Wed May 20 15:12:17 2015] install: mathtools
[Wed May 20 15:12:17 2015] install: ms
[Wed May 20 15:12:18 2015] install: multido
[Wed May 20 15:12:18 2015] install: numprint
[Wed May 20 15:12:22 2015] install: pgf
[Wed May 20 15:12:22 2015] install: pst-eucl
[Wed May 20 15:12:22 2015] install: pst-node
[Wed May 20 15:12:22 2015] install: pst-plot
[Wed May 20 15:12:22 2015] install: pst-tools
[Wed May 20 15:12:22 2015] install: pstools.win32
[Wed May 20 15:12:23 2015] install: pstools
[Wed May 20 15:12:23 2015] install: pstricks
[Wed May 20 15:12:23 2015] install: tkz-tab
[Wed May 20 15:12:23 2015] install: units
[Wed May 20 15:12:24 2015] install: wasy
[Wed May 20 15:12:24 2015] install: wasysym
[Wed May 20 15:12:24 2015] install: wrapfig
[Wed May 20 15:12:24 2015] install: xcolor
[Wed May 20 15:12:24 2015] install: xkeyval
